ARM GAS  helloworld.s 			page 1


   1              	@ Jiyoung Yun - CIST039
   2              	.data
   3 0000 01000000 	tempLocation:	.word	1
   4              	
   5 0004 4A69796F 	nameString:	.asciz	"Jiyoung Yun - CIST039\n"
   5      756E6720 
   5      59756E20 
   5      2D204349 
   5      53543033 
   6 001b 48656C6C 	helloString:	.asciz	"Hello World!\n"
   6      6F20576F 
   6      726C6421 
   6      0A00
   7              	.text
   8              	.global	main
   9              	
  10              	main:
  11 0000 20C09FE5 		LDR	R12, = tempLocation
  12 0004 00E08CE5 		STR	LR, [R12]
  13              	
  14 0008 1C009FE5 		LDR	R0, = nameString	@ additional string
  15 000c FEFFFFEB 		BL	printf
  16              	
  17 0010 18009FE5 		LDR	R0, = helloString
  18 0014 FEFFFFEB 		BL	printf
  19              	
  20 0018 08C09FE5 		LDR	R12, = tempLocation
  21 001c 00E09CE5 		LDR	LR, [R12]
  22              	
  23 0020 0A00A0E3 		MOV	R0, #10			@ return value = birthday (10th)
  24 0024 1EFF2FE1 		BX	LR
  24      00000000 
  24      04000000 
  24      1B000000 
